<?xml version="1.0" encoding="UTF-8"?>
<!-- Generated by org.testng.reporters.JUnitReportReporter -->
<testsuite hostname="DIGITAL-0129" failures="0" tests="1" name="Main.Execution" time="12.800" errors="0" timestamp="2022-09-29T15:46:05 IST" skipped="0">
  <testcase classname="Main.Execution" name="twoWheele" time="12.800"/>
  <system-out/>
</testsuite> <!-- Main.Execution -->
