<?xml version="1.0" encoding="UTF-8"?>
<!-- Generated by org.testng.reporters.JUnitReportReporter -->
<testsuite hostname="DIGITAL-0129" failures="0" tests="1" name="Bussiness_Lone.bl$BL" time="244.138" errors="0" timestamp="2022-07-11T17:08:48 IST" skipped="0">
  <testcase classname="Bussiness_Lone.bl$BL" name="BusinessLoan" time="244.138"/>
  <system-out/>
</testsuite> <!-- Bussiness_Lone.bl$BL -->
