<?xml version="1.0" encoding="UTF-8"?>
<!-- Generated by org.testng.reporters.JUnitReportReporter -->
<testsuite hostname="DIGITAL-0129" failures="0" tests="1" name="Main.Run" time="4.082" errors="0" timestamp="2023-01-12T11:24:40 IST" skipped="0">
  <testcase classname="Main.Run" name="call" time="4.082"/>
  <system-out/>
</testsuite> <!-- Main.Run -->
