<?xml version="1.0" encoding="UTF-8"?>
<!-- Generated by org.testng.reporters.JUnitReportReporter -->
<testsuite hostname="DIGITAL-0129" failures="0" tests="1" name="Runner_File.Runner" time="0.000" errors="0" timestamp="05 Jul 2022 07:07:13 GMT" skipped="1">
  <testcase classname="Runner_File.Runner" name="execution" time="0.000">
    <skipped/>
  </testcase> <!-- execution -->
</testsuite> <!-- Runner_File.Runner -->
