<?xml version="1.0" encoding="UTF-8"?>
<!-- Generated by org.testng.reporters.JUnitReportReporter -->
<testsuite hostname="DIGITAL-0129" failures="0" tests="1" name="Main.Run" time="30.412" errors="0" timestamp="2022-10-13T10:36:20 IST" skipped="0">
  <testcase classname="Main.Run" name="dash1" time="30.412"/>
  <system-out/>
</testsuite> <!-- Main.Run -->
