<?xml version="1.0" encoding="UTF-8"?>
<!-- Generated by org.testng.reporters.JUnitReportReporter -->
<testsuite hostname="DIGITAL-0129" failures="0" tests="1" name="Main.Run" time="36.087" errors="0" timestamp="17 Jan 2023 06:09:42 GMT">
  <testcase classname="Main.Run" name="Journy" time="36.087"/>
</testsuite> <!-- Main.Run -->
