<?xml version="1.0" encoding="UTF-8"?>
<!-- Generated by org.testng.reporters.JUnitReportReporter -->
<testsuite hostname="DIGITAL-0129" failures="0" tests="1" name="org.runner.RunClass" time="154.135" errors="0" timestamp="06 Jul 2022 06:11:17 GMT" skipped="0">
  <testcase classname="org.runner.RunClass" name="launch" time="154.135"/>
</testsuite> <!-- org.runner.RunClass -->
